<?xml version="1.0" encoding="UTF-8"?>
<coverage generated="1665442881068" clover="3.2.0">
  <project timestamp="1665442881068" name="All files">
    <metrics statements="19" coveredstatements="16" conditionals="1" coveredconditionals="1" methods="1" coveredmethods="1" elements="21" coveredelements="18" complexity="0" loc="19" ncloc="19" packages="2" files="2" classes="2"/>
    <package name="nodejs-server">
      <metrics statements="18" coveredstatements="15" conditionals="0" coveredconditionals="0" methods="0" coveredmethods="0"/>
      <file name="main.ts" path="/Users/adriano2j/Desktop/pocs/nodejs-server/main.ts">
        <metrics statements="18" coveredstatements="15" conditionals="0" coveredconditionals="0" methods="0" coveredmethods="0"/>
        <line num="1" count="1" type="stmt"/>
        <line num="2" count="1" type="stmt"/>
        <line num="3" count="1" type="stmt"/>
        <line num="4" count="1" type="stmt"/>
        <line num="5" count="1" type="stmt"/>
        <line num="6" count="1" type="stmt"/>
        <line num="7" count="1" type="stmt"/>
        <line num="8" count="0" type="stmt"/>
        <line num="9" count="0" type="stmt"/>
        <line num="10" count="1" type="stmt"/>
        <line num="11" count="1" type="stmt"/>
        <line num="12" count="1" type="stmt"/>
        <line num="13" count="1" type="stmt"/>
        <line num="14" count="1" type="stmt"/>
        <line num="15" count="1" type="stmt"/>
        <line num="16" count="1" type="stmt"/>
        <line num="17" count="0" type="stmt"/>
        <line num="18" count="1" type="stmt"/>
      </file>
    </package>
    <package name="nodejs-server.utils">
      <metrics statements="1" coveredstatements="1" conditionals="1" coveredconditionals="1" methods="1" coveredmethods="1"/>
      <file name="hello.ts" path="/Users/adriano2j/Desktop/pocs/nodejs-server/utils/hello.ts">
        <metrics statements="1" coveredstatements="1" conditionals="1" coveredconditionals="1" methods="1" coveredmethods="1"/>
        <line num="1" count="1" type="cond" truecount="1" falsecount="0"/>
      </file>
    </package>
  </project>
</coverage>
